2015-04-14 19:26:30.610 Sync[10859:457692] DiskCookieStorage changing policy from 2 to 0, cookie file: file:///Users/Alex/Library/Developer/CoreSimulator/Devices/31E8F08E-D80E-46FA-888E-5EA2FF20749B/data/Containers/Data/Application/C88F0561-6181-4B08-ABA1-82363826DE43/Library/Cookies/Cookies.binarycookies
2015-04-14 19:26:31.101 Sync[10859:457692] Apache Cordova native platform version 3.8.0 is starting.
2015-04-14 19:26:31.101 Sync[10859:457692] Multi-tasking -> Device: YES, App: YES
2015-04-14 19:26:31.138 Sync[10859:457692] Unlimited access to network resources
2015-04-14 19:26:31.150 Sync[10859:457692] 

Started backup to iCloud! Please be careful.
Your application might be rejected by Apple if you store too much data.
For more information please read "iOS Data Storage Guidelines" at:
https://developer.apple.com/icloud/documentation/data-storage/
To disable web storage backup to iCloud, set the BackupWebStorage preference to "local" in the Cordova config.xml file

2015-04-14 19:26:32.152 Sync[10859:457692] Resetting plugins due to page load.
2015-04-14 19:26:32.311 Sync[10859:457692] Finished load of: file:///Users/Alex/Library/Developer/CoreSimulator/Devices/31E8F08E-D80E-46FA-888E-5EA2FF20749B/data/Containers/Bundle/Application/88E28D4D-94AF-477C-A365-7C313A8975D0/Sync.app/www/index.html
2015-04-14 19:26:40.070 Sync[10859:457692] Resetting plugins due to page load.
2015-04-14 19:26:40.174 Sync[10859:457692] Finished load of: file:///Users/Alex/Library/Developer/CoreSimulator/Devices/31E8F08E-D80E-46FA-888E-5EA2FF20749B/data/Containers/Bundle/Application/88E28D4D-94AF-477C-A365-7C313A8975D0/Sync.app/www/index.html?
2015-04-14 19:40:11.540 Sync[11017:466348] DiskCookieStorage changing policy from 2 to 0, cookie file: file:///Users/Alex/Library/Developer/CoreSimulator/Devices/31E8F08E-D80E-46FA-888E-5EA2FF20749B/data/Containers/Data/Application/8239837C-23F2-4D4D-BE75-606D22EB9391/Library/Cookies/Cookies.binarycookies
2015-04-14 19:40:11.627 Sync[11017:466348] Apache Cordova native platform version 3.8.0 is starting.
2015-04-14 19:40:11.628 Sync[11017:466348] Multi-tasking -> Device: YES, App: YES
2015-04-14 19:40:11.631 Sync[11017:466348] Unlimited access to network resources
2015-04-14 19:40:11.635 Sync[11017:466348] 

Started backup to iCloud! Please be careful.
Your application might be rejected by Apple if you store too much data.
For more information please read "iOS Data Storage Guidelines" at:
https://developer.apple.com/icloud/documentation/data-storage/
To disable web storage backup to iCloud, set the BackupWebStorage preference to "local" in the Cordova config.xml file

2015-04-14 19:40:11.866 Sync[11017:466348] Resetting plugins due to page load.
2015-04-14 19:40:11.922 Sync[11017:466348] Finished load of: file:///Users/Alex/Library/Developer/CoreSimulator/Devices/31E8F08E-D80E-46FA-888E-5EA2FF20749B/data/Containers/Bundle/Application/047983BA-0F48-4984-8B49-0E6244FFD43E/Sync.app/www/index.html
2015-04-14 19:40:16.300 Sync[11017:466348] Resetting plugins due to page load.
2015-04-14 19:40:16.311 Sync[11017:466348] Finished load of: file:///Users/Alex/Library/Developer/CoreSimulator/Devices/31E8F08E-D80E-46FA-888E-5EA2FF20749B/data/Containers/Bundle/Application/047983BA-0F48-4984-8B49-0E6244FFD43E/Sync.app/www/index.html?
2015-04-14 19:40:17.430 Sync[11017:466348] Resetting plugins due to page load.
2015-04-14 19:40:17.441 Sync[11017:466348] Finished load of: file:///Users/Alex/Library/Developer/CoreSimulator/Devices/31E8F08E-D80E-46FA-888E-5EA2FF20749B/data/Containers/Bundle/Application/047983BA-0F48-4984-8B49-0E6244FFD43E/Sync.app/www/index.html?
2015-04-14 19:40:52.415 Sync[11066:466966] DiskCookieStorage changing policy from 2 to 0, cookie file: file:///Users/Alex/Library/Developer/CoreSimulator/Devices/31E8F08E-D80E-46FA-888E-5EA2FF20749B/data/Containers/Data/Application/D44DEEB3-0B8A-4D6F-A190-89E0110241A7/Library/Cookies/Cookies.binarycookies
2015-04-14 19:40:52.488 Sync[11066:466966] Apache Cordova native platform version 3.8.0 is starting.
2015-04-14 19:40:52.488 Sync[11066:466966] Multi-tasking -> Device: YES, App: YES
2015-04-14 19:40:52.491 Sync[11066:466966] Unlimited access to network resources
2015-04-14 19:40:52.494 Sync[11066:466966] 

Started backup to iCloud! Please be careful.
Your application might be rejected by Apple if you store too much data.
For more information please read "iOS Data Storage Guidelines" at:
https://developer.apple.com/icloud/documentation/data-storage/
To disable web storage backup to iCloud, set the BackupWebStorage preference to "local" in the Cordova config.xml file

2015-04-14 19:40:52.649 Sync[11066:466966] Resetting plugins due to page load.
2015-04-14 19:40:52.693 Sync[11066:466966] Finished load of: file:///Users/Alex/Library/Developer/CoreSimulator/Devices/31E8F08E-D80E-46FA-888E-5EA2FF20749B/data/Containers/Bundle/Application/81B02DFD-24DD-492E-9301-E223C7DE7AD7/Sync.app/www/index.html
2015-04-16 14:11:32.959 Sync[14709:929796] DiskCookieStorage changing policy from 2 to 0, cookie file: file:///Users/Alex/Library/Developer/CoreSimulator/Devices/31E8F08E-D80E-46FA-888E-5EA2FF20749B/data/Containers/Data/Application/B1279788-3831-46BC-8F1C-765E3981E51A/Library/Cookies/Cookies.binarycookies
2015-04-16 14:11:33.470 Sync[14709:929796] Apache Cordova native platform version 3.8.0 is starting.
2015-04-16 14:11:33.470 Sync[14709:929796] Multi-tasking -> Device: YES, App: YES
2015-04-16 14:11:33.494 Sync[14709:929796] Unlimited access to network resources
2015-04-16 14:11:33.516 Sync[14709:929796] 

Started backup to iCloud! Please be careful.
Your application might be rejected by Apple if you store too much data.
For more information please read "iOS Data Storage Guidelines" at:
https://developer.apple.com/icloud/documentation/data-storage/
To disable web storage backup to iCloud, set the BackupWebStorage preference to "local" in the Cordova config.xml file

2015-04-16 14:11:34.507 Sync[14709:929796] Resetting plugins due to page load.
2015-04-16 14:11:38.178 Sync[14709:929796] Finished load of: file:///Users/Alex/Library/Developer/CoreSimulator/Devices/31E8F08E-D80E-46FA-888E-5EA2FF20749B/data/Containers/Bundle/Application/EFB52D78-BC14-4BE0-A8B6-5D803ACD1C4F/Sync.app/www/index.html
2015-04-16 16:17:45.418 Sync[14709:1017684] Terminating since there is no system app.
2015-04-19 19:15:17.276 Sync[7194:99562] Apache Cordova native platform version 3.8.0 is starting.
2015-04-19 19:15:17.278 Sync[7194:99562] Multi-tasking -> Device: YES, App: YES
2015-04-19 19:15:17.303 Sync[7194:99562] Unlimited access to network resources
2015-04-19 19:15:17.318 Sync[7194:99562] 

Started backup to iCloud! Please be careful.
Your application might be rejected by Apple if you store too much data.
For more information please read "iOS Data Storage Guidelines" at:
https://developer.apple.com/icloud/documentation/data-storage/
To disable web storage backup to iCloud, set the BackupWebStorage preference to "local" in the Cordova config.xml file

2015-04-19 19:15:18.169 Sync[7194:99562] Resetting plugins due to page load.
2015-04-19 19:15:18.358 Sync[7194:99562] Finished load of: file:///Users/Alex/Library/Developer/CoreSimulator/Devices/31E8F08E-D80E-46FA-888E-5EA2FF20749B/data/Containers/Bundle/Application/2751CC47-D390-446F-9588-6B8557F446D9/Sync.app/www/index.html
2015-04-19 19:17:44.866 Sync[7516:101424] Apache Cordova native platform version 3.8.0 is starting.
2015-04-19 19:17:44.867 Sync[7516:101424] Multi-tasking -> Device: YES, App: YES
2015-04-19 19:17:44.869 Sync[7516:101424] Unlimited access to network resources
2015-04-19 19:17:44.872 Sync[7516:101424] 

Started backup to iCloud! Please be careful.
Your application might be rejected by Apple if you store too much data.
For more information please read "iOS Data Storage Guidelines" at:
https://developer.apple.com/icloud/documentation/data-storage/
To disable web storage backup to iCloud, set the BackupWebStorage preference to "local" in the Cordova config.xml file

2015-04-19 19:17:45.034 Sync[7516:101424] Resetting plugins due to page load.
2015-04-19 19:17:45.129 Sync[7516:101424] Finished load of: file:///Users/Alex/Library/Developer/CoreSimulator/Devices/31E8F08E-D80E-46FA-888E-5EA2FF20749B/data/Containers/Bundle/Application/8A6B2BAC-611B-40FE-A5ED-DFA62DC07330/Sync.app/www/index.html
2015-04-19 19:18:33.429 Sync[7821:102231] Apache Cordova native platform version 3.8.0 is starting.
2015-04-19 19:18:33.430 Sync[7821:102231] Multi-tasking -> Device: YES, App: YES
2015-04-19 19:18:33.432 Sync[7821:102231] Unlimited access to network resources
2015-04-19 19:18:33.435 Sync[7821:102231] 

Started backup to iCloud! Please be careful.
Your application might be rejected by Apple if you store too much data.
For more information please read "iOS Data Storage Guidelines" at:
https://developer.apple.com/icloud/documentation/data-storage/
To disable web storage backup to iCloud, set the BackupWebStorage preference to "local" in the Cordova config.xml file

2015-04-19 19:18:33.609 Sync[7821:102231] Resetting plugins due to page load.
2015-04-19 19:18:33.690 Sync[7821:102231] Finished load of: file:///Users/Alex/Library/Developer/CoreSimulator/Devices/31E8F08E-D80E-46FA-888E-5EA2FF20749B/data/Containers/Bundle/Application/0AA1281A-0645-4128-87D9-7672DF45E583/Sync.app/www/index.html
2015-04-19 19:19:00.903 Sync[8125:102989] Apache Cordova native platform version 3.8.0 is starting.
2015-04-19 19:19:00.904 Sync[8125:102989] Multi-tasking -> Device: YES, App: YES
2015-04-19 19:19:00.907 Sync[8125:102989] Unlimited access to network resources
2015-04-19 19:19:00.911 Sync[8125:102989] 

Started backup to iCloud! Please be careful.
Your application might be rejected by Apple if you store too much data.
For more information please read "iOS Data Storage Guidelines" at:
https://developer.apple.com/icloud/documentation/data-storage/
To disable web storage backup to iCloud, set the BackupWebStorage preference to "local" in the Cordova config.xml file

2015-04-19 19:19:01.083 Sync[8125:102989] Resetting plugins due to page load.
2015-04-19 19:19:01.176 Sync[8125:102989] Finished load of: file:///Users/Alex/Library/Developer/CoreSimulator/Devices/31E8F08E-D80E-46FA-888E-5EA2FF20749B/data/Containers/Bundle/Application/1E25D499-4E64-4AD7-9535-3133974C65BD/Sync.app/www/index.html
2015-04-19 19:20:25.405 Sync[8434:104219] Apache Cordova native platform version 3.8.0 is starting.
2015-04-19 19:20:25.405 Sync[8434:104219] Multi-tasking -> Device: YES, App: YES
2015-04-19 19:20:25.408 Sync[8434:104219] Unlimited access to network resources
2015-04-19 19:20:25.412 Sync[8434:104219] 

Started backup to iCloud! Please be careful.
Your application might be rejected by Apple if you store too much data.
For more information please read "iOS Data Storage Guidelines" at:
https://developer.apple.com/icloud/documentation/data-storage/
To disable web storage backup to iCloud, set the BackupWebStorage preference to "local" in the Cordova config.xml file

2015-04-19 19:20:25.601 Sync[8434:104219] Resetting plugins due to page load.
2015-04-19 19:20:25.694 Sync[8434:104219] Finished load of: file:///Users/Alex/Library/Developer/CoreSimulator/Devices/31E8F08E-D80E-46FA-888E-5EA2FF20749B/data/Containers/Bundle/Application/C9ACE892-3358-46BC-807B-E29417C6D732/Sync.app/www/index.html
2015-04-19 19:21:02.722 Sync[8738:104965] Apache Cordova native platform version 3.8.0 is starting.
2015-04-19 19:21:02.723 Sync[8738:104965] Multi-tasking -> Device: YES, App: YES
2015-04-19 19:21:02.726 Sync[8738:104965] Unlimited access to network resources
2015-04-19 19:21:02.729 Sync[8738:104965] 

Started backup to iCloud! Please be careful.
Your application might be rejected by Apple if you store too much data.
For more information please read "iOS Data Storage Guidelines" at:
https://developer.apple.com/icloud/documentation/data-storage/
To disable web storage backup to iCloud, set the BackupWebStorage preference to "local" in the Cordova config.xml file

2015-04-19 19:21:02.899 Sync[8738:104965] Resetting plugins due to page load.
2015-04-19 19:21:02.979 Sync[8738:104965] Finished load of: file:///Users/Alex/Library/Developer/CoreSimulator/Devices/31E8F08E-D80E-46FA-888E-5EA2FF20749B/data/Containers/Bundle/Application/5BEC3B42-F12A-4552-9DA9-6667E7F7DB28/Sync.app/www/index.html
2015-04-19 19:44:47.287 Sync[9106:116825] Apache Cordova native platform version 3.8.0 is starting.
2015-04-19 19:44:47.289 Sync[9106:116825] Multi-tasking -> Device: YES, App: YES
2015-04-19 19:44:47.292 Sync[9106:116825] Unlimited access to network resources
2015-04-19 19:44:47.295 Sync[9106:116825] 

Started backup to iCloud! Please be careful.
Your application might be rejected by Apple if you store too much data.
For more information please read "iOS Data Storage Guidelines" at:
https://developer.apple.com/icloud/documentation/data-storage/
To disable web storage backup to iCloud, set the BackupWebStorage preference to "local" in the Cordova config.xml file

2015-04-19 19:44:47.450 Sync[9106:116825] Resetting plugins due to page load.
2015-04-19 19:44:47.539 Sync[9106:116825] Finished load of: file:///Users/Alex/Library/Developer/CoreSimulator/Devices/31E8F08E-D80E-46FA-888E-5EA2FF20749B/data/Containers/Bundle/Application/DC75146F-26DC-4521-88A8-9F0CE4F3B67F/Sync.app/www/index.html
2015-04-19 19:58:18.147 Sync[9433:125569] Apache Cordova native platform version 3.8.0 is starting.
2015-04-19 19:58:18.149 Sync[9433:125569] Multi-tasking -> Device: YES, App: YES
2015-04-19 19:58:18.152 Sync[9433:125569] Unlimited access to network resources
2015-04-19 19:58:18.155 Sync[9433:125569] 

Started backup to iCloud! Please be careful.
Your application might be rejected by Apple if you store too much data.
For more information please read "iOS Data Storage Guidelines" at:
https://developer.apple.com/icloud/documentation/data-storage/
To disable web storage backup to iCloud, set the BackupWebStorage preference to "local" in the Cordova config.xml file

2015-04-19 19:58:18.306 Sync[9433:125569] Resetting plugins due to page load.
2015-04-19 19:58:18.396 Sync[9433:125569] Finished load of: file:///Users/Alex/Library/Developer/CoreSimulator/Devices/31E8F08E-D80E-46FA-888E-5EA2FF20749B/data/Containers/Bundle/Application/857F3AC9-8481-40D8-B108-C60DC8880BA2/Sync.app/www/index.html
2015-04-19 20:35:01.129 Sync[9840:146309] Apache Cordova native platform version 3.8.0 is starting.
2015-04-19 20:35:01.130 Sync[9840:146309] Multi-tasking -> Device: YES, App: YES
2015-04-19 20:35:01.132 Sync[9840:146309] Unlimited access to network resources
2015-04-19 20:35:01.135 Sync[9840:146309] 

Started backup to iCloud! Please be careful.
Your application might be rejected by Apple if you store too much data.
For more information please read "iOS Data Storage Guidelines" at:
https://developer.apple.com/icloud/documentation/data-storage/
To disable web storage backup to iCloud, set the BackupWebStorage preference to "local" in the Cordova config.xml file

2015-04-19 20:35:01.279 Sync[9840:146309] Resetting plugins due to page load.
2015-04-19 20:35:01.368 Sync[9840:146309] Finished load of: file:///Users/Alex/Library/Developer/CoreSimulator/Devices/31E8F08E-D80E-46FA-888E-5EA2FF20749B/data/Containers/Bundle/Application/843BC7DC-9B85-4088-862C-93B05C56FB41/Sync.app/www/index.html
2015-04-19 20:35:11.308 Sync[9840:146309] Resetting plugins due to page load.
2015-04-19 20:35:11.799 Sync[9840:146309] Failed to load webpage with error: Plug-in handled load
2015-04-19 20:35:25.671 Sync[10146:147219] Apache Cordova native platform version 3.8.0 is starting.
2015-04-19 20:35:25.672 Sync[10146:147219] Multi-tasking -> Device: YES, App: YES
2015-04-19 20:35:25.674 Sync[10146:147219] Unlimited access to network resources
2015-04-19 20:35:25.676 Sync[10146:147219] 

Started backup to iCloud! Please be careful.
Your application might be rejected by Apple if you store too much data.
For more information please read "iOS Data Storage Guidelines" at:
https://developer.apple.com/icloud/documentation/data-storage/
To disable web storage backup to iCloud, set the BackupWebStorage preference to "local" in the Cordova config.xml file

2015-04-19 20:35:25.826 Sync[10146:147219] Resetting plugins due to page load.
2015-04-19 20:35:25.896 Sync[10146:147219] Finished load of: file:///Users/Alex/Library/Developer/CoreSimulator/Devices/31E8F08E-D80E-46FA-888E-5EA2FF20749B/data/Containers/Bundle/Application/7B22F079-6630-419F-8EEF-98B93EEE079F/Sync.app/www/index.html
2015-04-19 20:35:44.562 Sync[10146:147219] Resetting plugins due to page load.
2015-04-19 20:35:44.794 Sync[10146:147219] Failed to load webpage with error: Plug-in handled load
2015-04-19 20:42:15.352 Sync[10477:152449] Apache Cordova native platform version 3.8.0 is starting.
2015-04-19 20:42:15.354 Sync[10477:152449] Multi-tasking -> Device: YES, App: YES
2015-04-19 20:42:15.357 Sync[10477:152449] Unlimited access to network resources
2015-04-19 20:42:15.360 Sync[10477:152449] 

Started backup to iCloud! Please be careful.
Your application might be rejected by Apple if you store too much data.
For more information please read "iOS Data Storage Guidelines" at:
https://developer.apple.com/icloud/documentation/data-storage/
To disable web storage backup to iCloud, set the BackupWebStorage preference to "local" in the Cordova config.xml file

2015-04-19 20:42:15.504 Sync[10477:152449] Resetting plugins due to page load.
2015-04-19 20:42:15.583 Sync[10477:152449] Finished load of: file:///Users/Alex/Library/Developer/CoreSimulator/Devices/31E8F08E-D80E-46FA-888E-5EA2FF20749B/data/Containers/Bundle/Application/E7807AFE-F34F-40A5-B7B6-329C262D1FEA/Sync.app/www/index.html
2015-04-19 20:43:24.888 Sync[10786:153890] Apache Cordova native platform version 3.8.0 is starting.
2015-04-19 20:43:24.889 Sync[10786:153890] Multi-tasking -> Device: YES, App: YES
2015-04-19 20:43:24.892 Sync[10786:153890] Unlimited access to network resources
2015-04-19 20:43:24.895 Sync[10786:153890] 

Started backup to iCloud! Please be careful.
Your application might be rejected by Apple if you store too much data.
For more information please read "iOS Data Storage Guidelines" at:
https://developer.apple.com/icloud/documentation/data-storage/
To disable web storage backup to iCloud, set the BackupWebStorage preference to "local" in the Cordova config.xml file

2015-04-19 20:43:25.047 Sync[10786:153890] Resetting plugins due to page load.
2015-04-19 20:43:25.134 Sync[10786:153890] Finished load of: file:///Users/Alex/Library/Developer/CoreSimulator/Devices/31E8F08E-D80E-46FA-888E-5EA2FF20749B/data/Containers/Bundle/Application/C52628FA-A9C1-4273-BE57-391E4B09CF59/Sync.app/www/index.html
2015-04-19 20:45:37.391 Sync[11091:155366] Apache Cordova native platform version 3.8.0 is starting.
2015-04-19 20:45:37.392 Sync[11091:155366] Multi-tasking -> Device: YES, App: YES
2015-04-19 20:45:37.394 Sync[11091:155366] Unlimited access to network resources
2015-04-19 20:45:37.396 Sync[11091:155366] 

Started backup to iCloud! Please be careful.
Your application might be rejected by Apple if you store too much data.
For more information please read "iOS Data Storage Guidelines" at:
https://developer.apple.com/icloud/documentation/data-storage/
To disable web storage backup to iCloud, set the BackupWebStorage preference to "local" in the Cordova config.xml file

2015-04-19 20:45:37.540 Sync[11091:155366] Resetting plugins due to page load.
2015-04-19 20:45:37.613 Sync[11091:155366] Finished load of: file:///Users/Alex/Library/Developer/CoreSimulator/Devices/31E8F08E-D80E-46FA-888E-5EA2FF20749B/data/Containers/Bundle/Application/4C629182-FD19-4974-97C8-FF2AC9B367D7/Sync.app/www/index.html
2015-04-19 20:48:47.413 Sync[11091:155366] Resetting plugins due to page load.
2015-04-19 20:48:48.451 Sync[11091:155366] Failed to load webpage with error: Plug-in handled load
2015-04-19 20:49:00.153 Sync[11394:157338] Apache Cordova native platform version 3.8.0 is starting.
2015-04-19 20:49:00.153 Sync[11394:157338] Multi-tasking -> Device: YES, App: YES
2015-04-19 20:49:00.156 Sync[11394:157338] Unlimited access to network resources
2015-04-19 20:49:00.159 Sync[11394:157338] 

Started backup to iCloud! Please be careful.
Your application might be rejected by Apple if you store too much data.
For more information please read "iOS Data Storage Guidelines" at:
https://developer.apple.com/icloud/documentation/data-storage/
To disable web storage backup to iCloud, set the BackupWebStorage preference to "local" in the Cordova config.xml file

2015-04-19 20:49:00.309 Sync[11394:157338] Resetting plugins due to page load.
2015-04-19 20:49:00.392 Sync[11394:157338] Finished load of: file:///Users/Alex/Library/Developer/CoreSimulator/Devices/31E8F08E-D80E-46FA-888E-5EA2FF20749B/data/Containers/Bundle/Application/B3A9E6C8-E67F-4981-A1D5-9DC92B408E74/Sync.app/www/index.html
2015-04-19 20:52:25.977 Sync[11704:160030] Apache Cordova native platform version 3.8.0 is starting.
2015-04-19 20:52:25.977 Sync[11704:160030] Multi-tasking -> Device: YES, App: YES
2015-04-19 20:52:25.980 Sync[11704:160030] Unlimited access to network resources
2015-04-19 20:52:25.984 Sync[11704:160030] 

Started backup to iCloud! Please be careful.
Your application might be rejected by Apple if you store too much data.
For more information please read "iOS Data Storage Guidelines" at:
https://developer.apple.com/icloud/documentation/data-storage/
To disable web storage backup to iCloud, set the BackupWebStorage preference to "local" in the Cordova config.xml file

2015-04-19 20:52:26.142 Sync[11704:160030] Resetting plugins due to page load.
2015-04-19 20:52:26.217 Sync[11704:160030] Finished load of: file:///Users/Alex/Library/Developer/CoreSimulator/Devices/31E8F08E-D80E-46FA-888E-5EA2FF20749B/data/Containers/Bundle/Application/D9F8A197-1989-4EFA-BF9E-DA6A855AB1F9/Sync.app/www/index.html
2015-04-19 23:45:35.042 Sync[11704:179629] Terminating since there is no system app.
2015-04-21 14:06:37.018 Sync[21594:332980] Apache Cordova native platform version 3.8.0 is starting.
2015-04-21 14:06:37.020 Sync[21594:332980] Multi-tasking -> Device: YES, App: YES
2015-04-21 14:06:37.048 Sync[21594:332980] Unlimited access to network resources
2015-04-21 14:06:37.059 Sync[21594:332980] 

Started backup to iCloud! Please be careful.
Your application might be rejected by Apple if you store too much data.
For more information please read "iOS Data Storage Guidelines" at:
https://developer.apple.com/icloud/documentation/data-storage/
To disable web storage backup to iCloud, set the BackupWebStorage preference to "local" in the Cordova config.xml file

2015-04-21 14:06:37.882 Sync[21594:332980] Resetting plugins due to page load.
2015-04-21 14:06:38.058 Sync[21594:332980] Finished load of: file:///Users/Alex/Library/Developer/CoreSimulator/Devices/31E8F08E-D80E-46FA-888E-5EA2FF20749B/data/Containers/Bundle/Application/DFB3B527-9D47-4FAC-B6CE-FAD8F201EFCE/Sync.app/www/index.html
2015-04-21 14:06:45.848 Sync[21594:332980] Resetting plugins due to page load.
2015-04-21 14:06:46.290 Sync[21594:332980] Failed to load webpage with error: Plug-in handled load
2015-04-25 13:46:06.728 Sync[27830:1263092] Apache Cordova native platform version 3.8.0 is starting.
2015-04-25 13:46:06.730 Sync[27830:1263092] Multi-tasking -> Device: YES, App: YES
2015-04-25 13:46:06.754 Sync[27830:1263092] Unlimited access to network resources
2015-04-25 13:46:06.769 Sync[27830:1263092] 

Started backup to iCloud! Please be careful.
Your application might be rejected by Apple if you store too much data.
For more information please read "iOS Data Storage Guidelines" at:
https://developer.apple.com/icloud/documentation/data-storage/
To disable web storage backup to iCloud, set the BackupWebStorage preference to "local" in the Cordova config.xml file

2015-04-25 13:46:07.622 Sync[27830:1263092] Resetting plugins due to page load.
2015-04-25 13:46:07.811 Sync[27830:1263092] Finished load of: file:///Users/Alex/Library/Developer/CoreSimulator/Devices/31E8F08E-D80E-46FA-888E-5EA2FF20749B/data/Containers/Bundle/Application/90571F90-38C0-4E76-A955-30809FA5DF89/Sync.app/www/index.html
2015-04-25 13:46:19.026 Sync[27830:1263092] Resetting plugins due to page load.
2015-04-25 13:46:19.330 Sync[27830:1263092] Failed to load webpage with error: Plug-in handled load
2015-04-25 13:46:19.763 Sync[27830:1263365] 13:46:19.763 WARNING:   139: The default input device's sample rate was changed.
2015-04-25 13:46:19.784 Sync[27830:1263185] 13:46:19.784 WARNING:   256: Audio device's sample rate changed. You may need to restart the simulator.
2015-04-25 13:46:37.418 Sync[28158:1264206] Apache Cordova native platform version 3.8.0 is starting.
2015-04-25 13:46:37.419 Sync[28158:1264206] Multi-tasking -> Device: YES, App: YES
2015-04-25 13:46:37.421 Sync[28158:1264206] Unlimited access to network resources
2015-04-25 13:46:37.424 Sync[28158:1264206] 

Started backup to iCloud! Please be careful.
Your application might be rejected by Apple if you store too much data.
For more information please read "iOS Data Storage Guidelines" at:
https://developer.apple.com/icloud/documentation/data-storage/
To disable web storage backup to iCloud, set the BackupWebStorage preference to "local" in the Cordova config.xml file

2015-04-25 13:46:37.570 Sync[28158:1264206] Resetting plugins due to page load.
2015-04-25 13:46:37.643 Sync[28158:1264206] Finished load of: file:///Users/Alex/Library/Developer/CoreSimulator/Devices/31E8F08E-D80E-46FA-888E-5EA2FF20749B/data/Containers/Bundle/Application/381EBDE0-27C2-4BFD-8626-1E00F55E2773/Sync.app/www/index.html
